C:\Users\Ernesto\Documents\Visual Studio 2010\Projects\magicWand\Debug\magicWand.pdb
C:\Users\Ernesto\Documents\Visual Studio 2010\Projects\magicWand\magicWand\Debug\cl.command.1.tlog
C:\Users\Ernesto\Documents\Visual Studio 2010\Projects\magicWand\magicWand\Debug\CL.read.1.tlog
C:\Users\Ernesto\Documents\Visual Studio 2010\Projects\magicWand\magicWand\Debug\CL.write.1.tlog
C:\USERS\ERNESTO\DOCUMENTS\VISUAL STUDIO 2010\PROJECTS\MAGICWAND\MAGICWAND\DEBUG\FRAMEMANIPULATION.OBJ
C:\Users\Ernesto\Documents\Visual Studio 2010\Projects\magicWand\magicWand\Debug\link.2748.read.1.tlog
C:\Users\Ernesto\Documents\Visual Studio 2010\Projects\magicWand\magicWand\Debug\link.2748.write.1.tlog
C:\Users\Ernesto\Documents\Visual Studio 2010\Projects\magicWand\magicWand\Debug\link.2748-cvtres.read.1.tlog
C:\Users\Ernesto\Documents\Visual Studio 2010\Projects\magicWand\magicWand\Debug\link.2748-cvtres.write.1.tlog
C:\Users\Ernesto\Documents\Visual Studio 2010\Projects\magicWand\magicWand\Debug\link.3224.read.1.tlog
C:\Users\Ernesto\Documents\Visual Studio 2010\Projects\magicWand\magicWand\Debug\link.3224.write.1.tlog
C:\Users\Ernesto\Documents\Visual Studio 2010\Projects\magicWand\magicWand\Debug\link.3224-cvtres.read.1.tlog
C:\Users\Ernesto\Documents\Visual Studio 2010\Projects\magicWand\magicWand\Debug\link.3224-cvtres.write.1.tlog
C:\Users\Ernesto\Documents\Visual Studio 2010\Projects\magicWand\magicWand\Debug\link.3760.read.1.tlog
C:\Users\Ernesto\Documents\Visual Studio 2010\Projects\magicWand\magicWand\Debug\link.3760.write.1.tlog
C:\Users\Ernesto\Documents\Visual Studio 2010\Projects\magicWand\magicWand\Debug\link.3760-cvtres.read.1.tlog
C:\Users\Ernesto\Documents\Visual Studio 2010\Projects\magicWand\magicWand\Debug\link.3760-cvtres.write.1.tlog
C:\Users\Ernesto\Documents\Visual Studio 2010\Projects\magicWand\magicWand\Debug\link.5684.read.1.tlog
C:\Users\Ernesto\Documents\Visual Studio 2010\Projects\magicWand\magicWand\Debug\link.5684.write.1.tlog
C:\Users\Ernesto\Documents\Visual Studio 2010\Projects\magicWand\magicWand\Debug\link.5684-cvtres.read.1.tlog
C:\Users\Ernesto\Documents\Visual Studio 2010\Projects\magicWand\magicWand\Debug\link.5684-cvtres.write.1.tlog
C:\Users\Ernesto\Documents\Visual Studio 2010\Projects\magicWand\magicWand\Debug\link.command.1.tlog
C:\Users\Ernesto\Documents\Visual Studio 2010\Projects\magicWand\magicWand\Debug\link.read.1.tlog
C:\Users\Ernesto\Documents\Visual Studio 2010\Projects\magicWand\magicWand\Debug\link.write.1.tlog
C:\Users\Ernesto\Documents\Visual Studio 2010\Projects\magicWand\magicWand\Debug\link-cvtres.read.1.tlog
C:\Users\Ernesto\Documents\Visual Studio 2010\Projects\magicWand\magicWand\Debug\link-cvtres.write.1.tlog
C:\USERS\ERNESTO\DOCUMENTS\VISUAL STUDIO 2010\PROJECTS\MAGICWAND\MAGICWAND\DEBUG\MAGICWAND.EXE.EMBED.MANIFEST
C:\USERS\ERNESTO\DOCUMENTS\VISUAL STUDIO 2010\PROJECTS\MAGICWAND\MAGICWAND\DEBUG\MAGICWAND.EXE.EMBED.MANIFEST.RES
C:\Users\Ernesto\Documents\Visual Studio 2010\Projects\magicWand\magicWand\Debug\magicWand.exe.intermediate.manifest
C:\USERS\ERNESTO\DOCUMENTS\VISUAL STUDIO 2010\PROJECTS\MAGICWAND\MAGICWAND\DEBUG\MAGICWAND.OBJ
C:\USERS\ERNESTO\DOCUMENTS\VISUAL STUDIO 2010\PROJECTS\MAGICWAND\MAGICWAND\DEBUG\MAGICWAND.PCH
C:\Users\Ernesto\Documents\Visual Studio 2010\Projects\magicWand\magicWand\Debug\magicWand_manifest.rc
C:\Users\Ernesto\Documents\Visual Studio 2010\Projects\magicWand\magicWand\Debug\mt.command.1.tlog
C:\Users\Ernesto\Documents\Visual Studio 2010\Projects\magicWand\magicWand\Debug\mt.read.1.tlog
C:\Users\Ernesto\Documents\Visual Studio 2010\Projects\magicWand\magicWand\Debug\mt.write.1.tlog
C:\Users\Ernesto\Documents\Visual Studio 2010\Projects\magicWand\magicWand\Debug\rc.command.1.tlog
C:\Users\Ernesto\Documents\Visual Studio 2010\Projects\magicWand\magicWand\Debug\rc.read.1.tlog
C:\Users\Ernesto\Documents\Visual Studio 2010\Projects\magicWand\magicWand\Debug\rc.write.1.tlog
C:\USERS\ERNESTO\DOCUMENTS\VISUAL STUDIO 2010\PROJECTS\MAGICWAND\MAGICWAND\DEBUG\RECOGNITIONFUNCTIONS.OBJ
C:\USERS\ERNESTO\DOCUMENTS\VISUAL STUDIO 2010\PROJECTS\MAGICWAND\MAGICWAND\DEBUG\STDAFX.OBJ
C:\Users\Ernesto\Documents\Visual Studio 2010\Projects\magicWand\magicWand\Debug\vc100.idb
C:\USERS\ERNESTO\DOCUMENTS\VISUAL STUDIO 2010\PROJECTS\MAGICWAND\MAGICWAND\DEBUG\VC100.PDB
